2022/10/10 12:22:54 [emerg] 1#1: host not found in upstream "spring" in /etc/nginx/conf.d/spring.conf:8
2022/10/10 13:03:15 [emerg] 1#1: host not found in upstream "spring" in /etc/nginx/conf.d/spring.conf:8
2022/10/10 13:07:12 [emerg] 1#1: host not found in upstream "spring:8000" in /etc/nginx/conf.d/spring.conf:2
2022/10/10 13:10:31 [emerg] 1#1: host not found in upstream "spring:8080" in /etc/nginx/conf.d/spring.conf:2
2022/10/10 13:11:41 [emerg] 1#1: host not found in upstream "spring" in /etc/nginx/conf.d/spring.conf:8
2022/10/10 13:23:47 [emerg] 1#1: host not found in upstream "spring" in /etc/nginx/conf.d/spring.conf:2
2022/10/10 13:31:41 [emerg] 1#1: host not found in upstream "spring:80" in /etc/nginx/conf.d/spring.conf:2
2022/10/10 13:33:14 [emerg] 1#1: host not found in upstream "spring:8080" in /etc/nginx/conf.d/spring.conf:2
2022/10/10 13:35:30 [emerg] 1#1: host not found in upstream "spring" in /etc/nginx/conf.d/spring.conf:8
2022/10/10 13:36:27 [emerg] 1#1: host not found in upstream "spring:8080" in /etc/nginx/conf.d/spring.conf:2
2022/10/10 13:39:42 [emerg] 1#1: host not found in upstream "spring" in /etc/nginx/conf.d/spring.conf:11
2022/10/10 14:02:01 [emerg] 1#1: host not found in upstream "spring" in /etc/nginx/conf.d/spring.conf:8
2022/10/10 14:02:20 [emerg] 1#1: host not found in upstream "spring" in /etc/nginx/conf.d/spring.conf:8
2022/10/10 14:03:09 [emerg] 1#1: host not found in upstream "spring" in /etc/nginx/conf.d/spring.conf:8
2022/10/10 14:30:16 [emerg] 1#1: invalid URL prefix in /etc/nginx/conf.d/spring.conf:8
2022/10/10 14:32:34 [emerg] 1#1: host not found in upstream "spring" in /etc/nginx/conf.d/spring.conf:8
2022/10/10 14:37:04 [emerg] 1#1: host not found in upstream "spring" in /etc/nginx/conf.d/spring.conf:8
2022/10/10 14:38:34 [emerg] 1#1: host not found in upstream "spring" in /etc/nginx/conf.d/spring.conf:7
2022/10/10 14:42:33 [emerg] 1#1: host not found in upstream "spring" in /etc/nginx/conf.d/spring.conf:8
2022/10/10 16:27:06 [emerg] 1#1: host not found in upstream "spring" in /etc/nginx/conf.d/spring.conf:8
2022/10/10 16:27:19 [emerg] 1#1: host not found in upstream "spring" in /etc/nginx/conf.d/spring.conf:8
2022/10/11 08:05:28 [emerg] 1#1: host not found in upstream "spring" in /etc/nginx/conf.d/spring.conf:8
2022/10/11 08:46:09 [emerg] 1#1: unknown directive "//insert" in /etc/nginx/conf.d/spring.conf:3
2022/10/11 08:46:17 [emerg] 1#1: unknown directive "//insert" in /etc/nginx/conf.d/spring.conf:3
2022/10/11 08:50:02 [emerg] 1#1: upstream "foo" may not have port 8080 in /etc/nginx/conf.d/spring.conf:13
2022/10/11 09:05:53 [emerg] 1#1: host not found in upstream "spring" in /etc/nginx/conf.d/spring.conf:8
2022/10/11 09:07:31 [emerg] 1#1: host not found in upstream "spring" in /etc/nginx/conf.d/spring.conf:9
2022/10/11 09:07:59 [emerg] 1#1: host not found in upstream "spring" in /etc/nginx/conf.d/spring.conf:9
